<?xml version="1.0" encoding="UTF-8"?>
<!-- Generated by org.testng.reporters.JUnitReportReporter -->
<testsuite hostname="OmVeda-PC" name="com.agnesdora.qa.testcases.LoginPageTest" tests="1" failures="0" timestamp="8 Dec 2017 18:55:15 GMT" time="10.874" errors="0">
  <testcase name="loginTest" time="10.874" classname="com.agnesdora.qa.testcases.LoginPageTest"/>
</testsuite> <!-- com.agnesdora.qa.testcases.LoginPageTest -->
