<?xml version="1.0" encoding="UTF-8"?>
<!-- Generated by org.testng.reporters.JUnitReportReporter -->
<testsuite hostname="OmVeda-PC" name="com.agnesdora.qa.testcases.CopyOfPlaceOrderTest" tests="10" failures="0" timestamp="14 Dec 2017 15:53:56 GMT" time="103.071" errors="0">
  <testcase name="orderProducts" time="10.325" classname="com.agnesdora.qa.testcases.CopyOfPlaceOrderTest"/>
  <testcase name="orderProducts" time="11.233" classname="com.agnesdora.qa.testcases.CopyOfPlaceOrderTest"/>
  <testcase name="orderProducts" time="10.271" classname="com.agnesdora.qa.testcases.CopyOfPlaceOrderTest"/>
  <testcase name="orderProducts" time="10.491" classname="com.agnesdora.qa.testcases.CopyOfPlaceOrderTest"/>
  <testcase name="orderProducts" time="10.320" classname="com.agnesdora.qa.testcases.CopyOfPlaceOrderTest"/>
  <testcase name="orderProducts" time="10.086" classname="com.agnesdora.qa.testcases.CopyOfPlaceOrderTest"/>
  <testcase name="orderProducts" time="10.012" classname="com.agnesdora.qa.testcases.CopyOfPlaceOrderTest"/>
  <testcase name="orderProducts" time="9.958" classname="com.agnesdora.qa.testcases.CopyOfPlaceOrderTest"/>
  <testcase name="orderProducts" time="9.844" classname="com.agnesdora.qa.testcases.CopyOfPlaceOrderTest"/>
  <testcase name="orderProducts" time="10.531" classname="com.agnesdora.qa.testcases.CopyOfPlaceOrderTest"/>
</testsuite> <!-- com.agnesdora.qa.testcases.CopyOfPlaceOrderTest -->
